2022-03-09 12:13:19,283  INFO [main] Log:14 - setting extentreport
2022-03-09 12:13:19,542  INFO [TestNG-tests-2] Log:22 - ________________________setup running
2022-03-09 12:13:19,542  INFO [TestNG-tests-1] Log:22 - ________________________setup running
2022-03-09 12:14:01,999  INFO [TestNG-tests-2] Log:36 - _________________________first test
2022-03-09 12:14:01,999  INFO [TestNG-tests-1] Log:36 - _________________________first test
2022-03-09 12:14:03,160  INFO [TestNG-tests-1] Log:29 - ________________________closing browser
2022-03-09 12:14:03,463  INFO [TestNG-tests-2] Log:29 - ________________________closing browser
2022-03-09 12:14:04,906  INFO [TestNG-tests-1] Log:22 - ________________________setup running
2022-03-09 12:14:04,906  INFO [TestNG-tests-2] Log:22 - ________________________setup running
2022-03-09 12:14:48,341 ERROR [TestNG-tests-1] Log:44 - ___________________________second test
2022-03-09 12:14:48,355 ERROR [TestNG-tests-2] Log:44 - ___________________________second test
2022-03-09 12:14:48,369  INFO [TestNG-tests-1] Log:29 - ________________________closing browser
2022-03-09 12:14:48,395  INFO [TestNG-tests-2] Log:29 - ________________________closing browser
2022-03-09 12:14:58,142  INFO [main] Log:24 - ending extent report
2022-03-09 12:14:58,435 DEBUG [main] cache:45 - Couldn't find template in cache for "v3html/v3-html-index.ftl"("en", UTF-8, parsed); will try to load it.
2022-03-09 12:14:58,438 DEBUG [main] cache:45 - TemplateLoader.findTemplateSource("v3html/v3-html-index_en.ftl"): Not found
2022-03-09 12:14:58,445 DEBUG [main] cache:45 - TemplateLoader.findTemplateSource("v3html/v3-html-index.ftl"): Found
2022-03-09 12:14:58,446 DEBUG [main] cache:45 - Loading template for "v3html/v3-html-index.ftl"("en", UTF-8, parsed) from "jar:file:/C:/Users/HP/.m2/repository/com/aventstack/extentreports/4.0.0/extentreports-4.0.0.jar!/com/aventstack/extentreports/view/v3html/v3-html-index.ftl"
2022-03-09 12:15:00,928 DEBUG [main] cache:45 - Couldn't find template in cache for "v3html/v3-html-head.ftl"("en", UTF-8, parsed); will try to load it.
2022-03-09 12:15:00,938 DEBUG [main] cache:45 - TemplateLoader.findTemplateSource("v3html/v3-html-head_en.ftl"): Not found
2022-03-09 12:15:00,939 DEBUG [main] cache:45 - TemplateLoader.findTemplateSource("v3html/v3-html-head.ftl"): Found
2022-03-09 12:15:00,942 DEBUG [main] cache:45 - Loading template for "v3html/v3-html-head.ftl"("en", UTF-8, parsed) from "jar:file:/C:/Users/HP/.m2/repository/com/aventstack/extentreports/4.0.0/extentreports-4.0.0.jar!/com/aventstack/extentreports/view/v3html/v3-html-head.ftl"
2022-03-09 12:15:00,953 DEBUG [main] cache:45 - Couldn't find template in cache for "v3html/v3-html-nav.ftl"("en", UTF-8, parsed); will try to load it.
2022-03-09 12:15:00,954 DEBUG [main] cache:45 - TemplateLoader.findTemplateSource("v3html/v3-html-nav_en.ftl"): Not found
2022-03-09 12:15:00,956 DEBUG [main] cache:45 - TemplateLoader.findTemplateSource("v3html/v3-html-nav.ftl"): Found
2022-03-09 12:15:00,956 DEBUG [main] cache:45 - Loading template for "v3html/v3-html-nav.ftl"("en", UTF-8, parsed) from "jar:file:/C:/Users/HP/.m2/repository/com/aventstack/extentreports/4.0.0/extentreports-4.0.0.jar!/com/aventstack/extentreports/view/v3html/v3-html-nav.ftl"
2022-03-09 12:15:00,972 DEBUG [main] cache:45 - Couldn't find template in cache for "v3html/test-view/v3-html-test-view.ftl"("en", UTF-8, parsed); will try to load it.
2022-03-09 12:15:00,973 DEBUG [main] cache:45 - TemplateLoader.findTemplateSource("v3html/test-view/v3-html-test-view_en.ftl"): Not found
2022-03-09 12:15:00,975 DEBUG [main] cache:45 - TemplateLoader.findTemplateSource("v3html/test-view/v3-html-test-view.ftl"): Found
2022-03-09 12:15:00,976 DEBUG [main] cache:45 - Loading template for "v3html/test-view/v3-html-test-view.ftl"("en", UTF-8, parsed) from "jar:file:/C:/Users/HP/.m2/repository/com/aventstack/extentreports/4.0.0/extentreports-4.0.0.jar!/com/aventstack/extentreports/view/v3html/test-view/v3-html-test-view.ftl"
2022-03-09 12:15:01,045 DEBUG [main] cache:45 - Couldn't find template in cache for "v3html/test-view/v3-html-test-view-charts.ftl"("en", UTF-8, parsed); will try to load it.
2022-03-09 12:15:01,046 DEBUG [main] cache:45 - TemplateLoader.findTemplateSource("v3html/test-view/v3-html-test-view-charts_en.ftl"): Not found
2022-03-09 12:15:01,047 DEBUG [main] cache:45 - TemplateLoader.findTemplateSource("v3html/test-view/v3-html-test-view-charts.ftl"): Found
2022-03-09 12:15:01,048 DEBUG [main] cache:45 - Loading template for "v3html/test-view/v3-html-test-view-charts.ftl"("en", UTF-8, parsed) from "jar:file:/C:/Users/HP/.m2/repository/com/aventstack/extentreports/4.0.0/extentreports-4.0.0.jar!/com/aventstack/extentreports/view/v3html/test-view/v3-html-test-view-charts.ftl"
2022-03-09 12:15:01,070 DEBUG [main] cache:45 - Couldn't find template in cache for "v3html/test-view/v3-html-standard.ftl"("en", UTF-8, parsed); will try to load it.
2022-03-09 12:15:01,071 DEBUG [main] cache:45 - TemplateLoader.findTemplateSource("v3html/test-view/v3-html-standard_en.ftl"): Not found
2022-03-09 12:15:01,072 DEBUG [main] cache:45 - TemplateLoader.findTemplateSource("v3html/test-view/v3-html-standard.ftl"): Found
2022-03-09 12:15:01,073 DEBUG [main] cache:45 - Loading template for "v3html/test-view/v3-html-standard.ftl"("en", UTF-8, parsed) from "jar:file:/C:/Users/HP/.m2/repository/com/aventstack/extentreports/4.0.0/extentreports-4.0.0.jar!/com/aventstack/extentreports/view/v3html/test-view/v3-html-standard.ftl"
2022-03-09 12:15:01,093 DEBUG [main] cache:45 - "v3html/test-view/v3-html-standard.ftl"("en", UTF-8, parsed) cached copy not yet stale; using cached.
2022-03-09 12:15:01,168 DEBUG [main] cache:45 - "v3html/test-view/v3-html-standard.ftl"("en", UTF-8, parsed) cached copy not yet stale; using cached.
2022-03-09 12:15:01,170 DEBUG [main] cache:45 - "v3html/test-view/v3-html-standard.ftl"("en", UTF-8, parsed) cached copy not yet stale; using cached.
2022-03-09 12:15:01,173 DEBUG [main] cache:45 - Couldn't find template in cache for "v3html/category-view/v3-html-category-view.ftl"("en", UTF-8, parsed); will try to load it.
2022-03-09 12:15:01,174 DEBUG [main] cache:45 - TemplateLoader.findTemplateSource("v3html/category-view/v3-html-category-view_en.ftl"): Not found
2022-03-09 12:15:01,175 DEBUG [main] cache:45 - TemplateLoader.findTemplateSource("v3html/category-view/v3-html-category-view.ftl"): Found
2022-03-09 12:15:01,175 DEBUG [main] cache:45 - Loading template for "v3html/category-view/v3-html-category-view.ftl"("en", UTF-8, parsed) from "jar:file:/C:/Users/HP/.m2/repository/com/aventstack/extentreports/4.0.0/extentreports-4.0.0.jar!/com/aventstack/extentreports/view/v3html/category-view/v3-html-category-view.ftl"
2022-03-09 12:15:01,196 DEBUG [main] cache:45 - Couldn't find template in cache for "v3html/exception-view/v3-html-exception-view.ftl"("en", UTF-8, parsed); will try to load it.
2022-03-09 12:15:01,197 DEBUG [main] cache:45 - TemplateLoader.findTemplateSource("v3html/exception-view/v3-html-exception-view_en.ftl"): Not found
2022-03-09 12:15:01,198 DEBUG [main] cache:45 - TemplateLoader.findTemplateSource("v3html/exception-view/v3-html-exception-view.ftl"): Found
2022-03-09 12:15:01,198 DEBUG [main] cache:45 - Loading template for "v3html/exception-view/v3-html-exception-view.ftl"("en", UTF-8, parsed) from "jar:file:/C:/Users/HP/.m2/repository/com/aventstack/extentreports/4.0.0/extentreports-4.0.0.jar!/com/aventstack/extentreports/view/v3html/exception-view/v3-html-exception-view.ftl"
2022-03-09 12:15:01,205 DEBUG [main] cache:45 - Couldn't find template in cache for "v3html/author-view/v3-html-author-view.ftl"("en", UTF-8, parsed); will try to load it.
2022-03-09 12:15:01,206 DEBUG [main] cache:45 - TemplateLoader.findTemplateSource("v3html/author-view/v3-html-author-view_en.ftl"): Not found
2022-03-09 12:15:01,208 DEBUG [main] cache:45 - TemplateLoader.findTemplateSource("v3html/author-view/v3-html-author-view.ftl"): Found
2022-03-09 12:15:01,208 DEBUG [main] cache:45 - Loading template for "v3html/author-view/v3-html-author-view.ftl"("en", UTF-8, parsed) from "jar:file:/C:/Users/HP/.m2/repository/com/aventstack/extentreports/4.0.0/extentreports-4.0.0.jar!/com/aventstack/extentreports/view/v3html/author-view/v3-html-author-view.ftl"
2022-03-09 12:15:01,218 DEBUG [main] cache:45 - Couldn't find template in cache for "v3html/dashboard-view/v3-html-dashboard-view.ftl"("en", UTF-8, parsed); will try to load it.
2022-03-09 12:15:01,226 DEBUG [main] cache:45 - TemplateLoader.findTemplateSource("v3html/dashboard-view/v3-html-dashboard-view_en.ftl"): Not found
2022-03-09 12:15:01,227 DEBUG [main] cache:45 - TemplateLoader.findTemplateSource("v3html/dashboard-view/v3-html-dashboard-view.ftl"): Found
2022-03-09 12:15:01,228 DEBUG [main] cache:45 - Loading template for "v3html/dashboard-view/v3-html-dashboard-view.ftl"("en", UTF-8, parsed) from "jar:file:/C:/Users/HP/.m2/repository/com/aventstack/extentreports/4.0.0/extentreports-4.0.0.jar!/com/aventstack/extentreports/view/v3html/dashboard-view/v3-html-dashboard-view.ftl"
2022-03-09 12:15:01,271 DEBUG [main] cache:45 - Couldn't find template in cache for "v3html/logs-view/v3-html-testrunner-logs-view.ftl"("en", UTF-8, parsed); will try to load it.
2022-03-09 12:15:01,272 DEBUG [main] cache:45 - TemplateLoader.findTemplateSource("v3html/logs-view/v3-html-testrunner-logs-view_en.ftl"): Not found
2022-03-09 12:15:01,273 DEBUG [main] cache:45 - TemplateLoader.findTemplateSource("v3html/logs-view/v3-html-testrunner-logs-view.ftl"): Found
2022-03-09 12:15:01,273 DEBUG [main] cache:45 - Loading template for "v3html/logs-view/v3-html-testrunner-logs-view.ftl"("en", UTF-8, parsed) from "jar:file:/C:/Users/HP/.m2/repository/com/aventstack/extentreports/4.0.0/extentreports-4.0.0.jar!/com/aventstack/extentreports/view/v3html/logs-view/v3-html-testrunner-logs-view.ftl"
